#-----------------------------------------------------------
# Vivado v2023.2.1 (64-bit)
# SW Build 4081461 on Thu Dec 14 12:24:51 MST 2023
# IP Build 4080415 on Thu Dec 14 21:01:57 MST 2023
# SharedData Build 4077621 on Mon Dec 11 00:23:44 MST 2023
# Start of session at: Thu May  2 17:32:46 2024
# Process ID: 2844
# Current directory: C:/Users/vital/OneDrive/Escritorio/parcial_2/parcial_2
# Command line: vivado.exe -gui_launcher_event rodinguilauncherevent1848 C:\Users\vital\OneDrive\Escritorio\parcial_2\parcial_2\parcial_2.xpr
# Log file: C:/Users/vital/OneDrive/Escritorio/parcial_2/parcial_2/vivado.log
# Journal file: C:/Users/vital/OneDrive/Escritorio/parcial_2/parcial_2\vivado.jou
# Running On: DESKTOP-T8AIT0M, OS: Windows, CPU Frequency: 2712 MHz, CPU Physical cores: 2, Host memory: 8459 MB
#-----------------------------------------------------------
start_gui
open_project C:/Users/vital/OneDrive/Escritorio/parcial_2/parcial_2/parcial_2.xpr
WARNING: [Board 49-26] cannot add Board Part xilinx.com:kc705:part0:1.6 available at C:/Xilinx/Vivado/2023.2/data/xhub/boards/XilinxBoardStore/boards/Xilinx/kc705/1.6/board.xml as part xc7k325tffg900-2 specified in board_part file is either invalid or not available
WARNING: [Board 49-26] cannot add Board Part xilinx.com:kcu105:part0:1.6 available at C:/Xilinx/Vivado/2023.2/data/xhub/boards/XilinxBoardStore/boards/Xilinx/kcu105/1.6/board.xml as part xcku040-ffva1156-2-e specified in board_part file is either invalid or not available
WARNING: [Board 49-26] cannot add Board Part xilinx.com:kcu105:part0:1.7 available at C:/Xilinx/Vivado/2023.2/data/xhub/boards/XilinxBoardStore/boards/Xilinx/kcu105/1.7/board.xml as part xcku040-ffva1156-2-e specified in board_part file is either invalid or not available
WARNING: [Board 49-26] cannot add Board Part xilinx.com:kcu1500:part0:1.2 available at C:/Xilinx/Vivado/2023.2/data/xhub/boards/XilinxBoardStore/boards/Xilinx/kcu1500/1.2/board.xml as part xcku115-flvb2104-2-e specified in board_part file is either invalid or not available
WARNING: [Board 49-26] cannot add Board Part xilinx.com:vc707:part0:1.4 available at C:/Xilinx/Vivado/2023.2/data/xhub/boards/XilinxBoardStore/boards/Xilinx/vc707/1.4/board.xml as part xc7vx485tffg1761-2 specified in board_part file is either invalid or not available
WARNING: [Board 49-26] cannot add Board Part xilinx.com:vc709:part0:1.8 available at C:/Xilinx/Vivado/2023.2/data/xhub/boards/XilinxBoardStore/boards/Xilinx/vc709/1.8/board.xml as part xc7vx690tffg1761-2 specified in board_part file is either invalid or not available
WARNING: [Board 49-26] cannot add Board Part xilinx.com:vck190:part0:2.2 available at C:/Xilinx/Vivado/2023.2/data/xhub/boards/XilinxBoardStore/boards/Xilinx/vck190/production/2.2/board.xml as part xcvc1902-vsva2197-2mp-e-s specified in board_part file is either invalid or not available
WARNING: [Board 49-26] cannot add Board Part xilinx.com:vck190:part0:3.0 available at C:/Xilinx/Vivado/2023.2/data/xhub/boards/XilinxBoardStore/boards/Xilinx/vck190/production/3.0/board.xml as part xcvc1902-vsva2197-2mp-e-s specified in board_part file is either invalid or not available
WARNING: [Board 49-26] cannot add Board Part xilinx.com:vck190:part0:3.1 available at C:/Xilinx/Vivado/2023.2/data/xhub/boards/XilinxBoardStore/boards/Xilinx/vck190/production/3.1/board.xml as part xcvc1902-vsva2197-2mp-e-s specified in board_part file is either invalid or not available
WARNING: [Board 49-26] cannot add Board Part xilinx.com:vck190:part0:3.2 available at C:/Xilinx/Vivado/2023.2/data/xhub/boards/XilinxBoardStore/boards/Xilinx/vck190/production/3.2/board.xml as part xcvc1902-vsva2197-2mp-e-s specified in board_part file is either invalid or not available
WARNING: [Board 49-26] cannot add Board Part xilinx.com:vck190_newl:part0:1.0 available at C:/Xilinx/Vivado/2023.2/data/xhub/boards/XilinxBoardStore/boards/Xilinx/vck190_newl/production/1.0/board.xml as part xcvc1902-vsva2197-2mp-e-s specified in board_part file is either invalid or not available
WARNING: [Board 49-26] cannot add Board Part xilinx.com:vck190_newl:part0:1.1 available at C:/Xilinx/Vivado/2023.2/data/xhub/boards/XilinxBoardStore/boards/Xilinx/vck190_newl/production/1.1/board.xml as part xcvc1902-vsva2197-2mp-e-s specified in board_part file is either invalid or not available
WARNING: [Board 49-26] cannot add Board Part xilinx.com:vcu108:part0:1.6 available at C:/Xilinx/Vivado/2023.2/data/xhub/boards/XilinxBoardStore/boards/Xilinx/vcu108/1.6/board.xml as part xcvu095-ffva2104-2-e specified in board_part file is either invalid or not available
WARNING: [Board 49-26] cannot add Board Part xilinx.com:vcu108:part0:1.7 available at C:/Xilinx/Vivado/2023.2/data/xhub/boards/XilinxBoardStore/boards/Xilinx/vcu108/1.7/board.xml as part xcvu095-ffva2104-2-e specified in board_part file is either invalid or not available
WARNING: [Board 49-26] cannot add Board Part xilinx.com:vcu110:part0:1.4 available at C:/Xilinx/Vivado/2023.2/data/xhub/boards/XilinxBoardStore/boards/Xilinx/vcu110/1.4/board.xml as part xcvu190-flgc2104-2-e specified in board_part file is either invalid or not available
WARNING: [Board 49-26] cannot add Board Part xilinx.com:vcu118:part0:2.0 available at C:/Xilinx/Vivado/2023.2/data/xhub/boards/XilinxBoardStore/boards/Xilinx/vcu118/2.0/board.xml as part xcvu9p-flga2104-2l-e specified in board_part file is either invalid or not available
WARNING: [Board 49-26] cannot add Board Part xilinx.com:vcu118:part0:2.3 available at C:/Xilinx/Vivado/2023.2/data/xhub/boards/XilinxBoardStore/boards/Xilinx/vcu118/2.3/board.xml as part xcvu9p-flga2104-2l-e specified in board_part file is either invalid or not available
WARNING: [Board 49-26] cannot add Board Part xilinx.com:vcu118:part0:2.4 available at C:/Xilinx/Vivado/2023.2/data/xhub/boards/XilinxBoardStore/boards/Xilinx/vcu118/2.4/board.xml as part xcvu9p-flga2104-2l-e specified in board_part file is either invalid or not available
WARNING: [Board 49-26] cannot add Board Part xilinx.com:vcu129:part0:1.0 available at C:/Xilinx/Vivado/2023.2/data/xhub/boards/XilinxBoardStore/boards/Xilinx/vcu129/production/1.0/board.xml as part xcvu29p-fsga2577-2l-e specified in board_part file is either invalid or not available
WARNING: [Board 49-26] cannot add Board Part xilinx.com:vcu1525:part0:1.3 available at C:/Xilinx/Vivado/2023.2/data/xhub/boards/XilinxBoardStore/boards/Xilinx/vcu1525/1.3/board.xml as part xcvu9p-fsgd2104-2l-e specified in board_part file is either invalid or not available
WARNING: [Board 49-26] cannot add Board Part xilinx.com:vek280:part0:1.0 available at C:/Xilinx/Vivado/2023.2/data/xhub/boards/XilinxBoardStore/boards/Xilinx/vek280/production/1.0/board.xml as part xcve2802-vsvh1760-2mp-e-s specified in board_part file is either invalid or not available
WARNING: [Board 49-26] cannot add Board Part xilinx.com:vek280_es:part0:1.0 available at C:/Xilinx/Vivado/2023.2/data/xhub/boards/XilinxBoardStore/boards/Xilinx/vek280/es/rev_a/1.0/board.xml as part xcve2802-vsvh1760-2lp-e-s-es1 specified in board_part file is either invalid or not available
WARNING: [Board 49-26] cannot add Board Part xilinx.com:vek280_es:part0:1.1 available at C:/Xilinx/Vivado/2023.2/data/xhub/boards/XilinxBoardStore/boards/Xilinx/vek280/es/rev_a/1.1/board.xml as part xcve2802-vsvh1760-2lp-e-s-es1 specified in board_part file is either invalid or not available
WARNING: [Board 49-26] cannot add Board Part xilinx.com:vek280_es_revb:part0:1.0 available at C:/Xilinx/Vivado/2023.2/data/xhub/boards/XilinxBoardStore/boards/Xilinx/vek280/es/rev_b/1.0/board.xml as part xcve2802-vsvh1760-2mp-e-s-es1 specified in board_part file is either invalid or not available
WARNING: [Board 49-26] cannot add Board Part xilinx.com:vek280_es_revb:part0:1.1 available at C:/Xilinx/Vivado/2023.2/data/xhub/boards/XilinxBoardStore/boards/Xilinx/vek280/es/rev_b/1.1/board.xml as part xcve2802-vsvh1760-2mp-e-s-es1 specified in board_part file is either invalid or not available
WARNING: [Board 49-26] cannot add Board Part xilinx.com:vermeo_t1_mpsoc:part0:1.0 available at C:/Xilinx/Vivado/2023.2/data/xhub/boards/XilinxBoardStore/boards/Xilinx/vermeo_t1_mpsoc/1.0/board.xml as part xczu19eg-ffvd1760-2l-e specified in board_part file is either invalid or not available
WARNING: [Board 49-26] cannot add Board Part xilinx.com:vermeo_t1_rfsoc:part0:1.0 available at C:/Xilinx/Vivado/2023.2/data/xhub/boards/XilinxBoardStore/boards/Xilinx/vermeo_t1_rfsoc/1.0/board.xml as part xczu21dr-ffvd1156-2l-e specified in board_part file is either invalid or not available
WARNING: [Board 49-26] cannot add Board Part xilinx.com:vhk158:part0:1.0 available at C:/Xilinx/Vivado/2023.2/data/xhub/boards/XilinxBoardStore/boards/Xilinx/vhk158/production/1.0/board.xml as part xcvh1582-vsva3697-2mp-e-s specified in board_part file is either invalid or not available
WARNING: [Board 49-26] cannot add Board Part xilinx.com:vhk158:part0:1.1 available at C:/Xilinx/Vivado/2023.2/data/xhub/boards/XilinxBoardStore/boards/Xilinx/vhk158/production/1.1/board.xml as part xcvh1582-vsva3697-2mp-e-s specified in board_part file is either invalid or not available
WARNING: [Board 49-26] cannot add Board Part xilinx.com:vhk158_es:part0:1.0 available at C:/Xilinx/Vivado/2023.2/data/xhub/boards/XilinxBoardStore/boards/Xilinx/vhk158/es/1.0/board.xml as part xcvh1582-vsva3697-2mp-e-s-es1 specified in board_part file is either invalid or not available
WARNING: [Board 49-26] cannot add Board Part xilinx.com:vhk158_es:part0:1.1 available at C:/Xilinx/Vivado/2023.2/data/xhub/boards/XilinxBoardStore/boards/Xilinx/vhk158/es/1.1/board.xml as part xcvh1582-vsva3697-2mp-e-s-es1 specified in board_part file is either invalid or not available
WARNING: [Board 49-26] cannot add Board Part xilinx.com:vmk180:part0:2.2 available at C:/Xilinx/Vivado/2023.2/data/xhub/boards/XilinxBoardStore/boards/Xilinx/vmk180/production/2.2/board.xml as part xcvm1802-vsva2197-2mp-e-s specified in board_part file is either invalid or not available
WARNING: [Board 49-26] cannot add Board Part xilinx.com:vmk180:part0:3.0 available at C:/Xilinx/Vivado/2023.2/data/xhub/boards/XilinxBoardStore/boards/Xilinx/vmk180/production/3.0/board.xml as part xcvm1802-vsva2197-2mp-e-s specified in board_part file is either invalid or not available
WARNING: [Board 49-26] cannot add Board Part xilinx.com:vmk180:part0:3.1 available at C:/Xilinx/Vivado/2023.2/data/xhub/boards/XilinxBoardStore/boards/Xilinx/vmk180/production/3.1/board.xml as part xcvm1802-vsva2197-2mp-e-s specified in board_part file is either invalid or not available
WARNING: [Board 49-26] cannot add Board Part xilinx.com:vmk180:part0:3.2 available at C:/Xilinx/Vivado/2023.2/data/xhub/boards/XilinxBoardStore/boards/Xilinx/vmk180/production/3.2/board.xml as part xcvm1802-vsva2197-2mp-e-s specified in board_part file is either invalid or not available
WARNING: [Board 49-26] cannot add Board Part xilinx.com:vmk180_newl:part0:1.0 available at C:/Xilinx/Vivado/2023.2/data/xhub/boards/XilinxBoardStore/boards/Xilinx/vmk180_newl/production/1.0/board.xml as part xcvm1802-vsva2197-2mp-e-s specified in board_part file is either invalid or not available
WARNING: [Board 49-26] cannot add Board Part xilinx.com:vmk180_newl:part0:1.1 available at C:/Xilinx/Vivado/2023.2/data/xhub/boards/XilinxBoardStore/boards/Xilinx/vmk180_newl/production/1.1/board.xml as part xcvm1802-vsva2197-2mp-e-s specified in board_part file is either invalid or not available
WARNING: [Board 49-26] cannot add Board Part xilinx.com:vpk120:part0:1.0 available at C:/Xilinx/Vivado/2023.2/data/xhub/boards/XilinxBoardStore/boards/Xilinx/vpk120/production/1.0/board.xml as part xcvp1202-vsva2785-2mp-e-s specified in board_part file is either invalid or not available
WARNING: [Board 49-26] cannot add Board Part xilinx.com:vpk120:part0:1.1 available at C:/Xilinx/Vivado/2023.2/data/xhub/boards/XilinxBoardStore/boards/Xilinx/vpk120/production/1.1/board.xml as part xcvp1202-vsva2785-2mp-e-s specified in board_part file is either invalid or not available
WARNING: [Board 49-26] cannot add Board Part xilinx.com:vpk120:part0:1.2 available at C:/Xilinx/Vivado/2023.2/data/xhub/boards/XilinxBoardStore/boards/Xilinx/vpk120/production/1.2/board.xml as part xcvp1202-vsva2785-2mp-e-s specified in board_part file is either invalid or not available
WARNING: [Board 49-26] cannot add Board Part xilinx.com:vpk180:part0:1.0 available at C:/Xilinx/Vivado/2023.2/data/xhub/boards/XilinxBoardStore/boards/Xilinx/vpk180/production/1.0/board.xml as part xcvp1802-lsvc4072-2mp-e-s specified in board_part file is either invalid or not available
WARNING: [Board 49-26] cannot add Board Part xilinx.com:vpk180:part0:1.1 available at C:/Xilinx/Vivado/2023.2/data/xhub/boards/XilinxBoardStore/boards/Xilinx/vpk180/production/1.1/board.xml as part xcvp1802-lsvc4072-2mp-e-s specified in board_part file is either invalid or not available
WARNING: [Board 49-26] cannot add Board Part xilinx.com:zc706:part0:1.4 available at C:/Xilinx/Vivado/2023.2/data/xhub/boards/XilinxBoardStore/boards/Xilinx/zc706/1.4/board.xml as part xc7z045ffg900-2 specified in board_part file is either invalid or not available
WARNING: [Board 49-26] cannot add Board Part xilinx.com:zcu102:part0:3.3 available at C:/Xilinx/Vivado/2023.2/data/xhub/boards/XilinxBoardStore/boards/Xilinx/zcu102/3.3/board.xml as part xczu9eg-ffvb1156-2-e specified in board_part file is either invalid or not available
WARNING: [Board 49-26] cannot add Board Part xilinx.com:zcu102:part0:3.4 available at C:/Xilinx/Vivado/2023.2/data/xhub/boards/XilinxBoardStore/boards/Xilinx/zcu102/3.4/board.xml as part xczu9eg-ffvb1156-2-e specified in board_part file is either invalid or not available
WARNING: [Board 49-26] cannot add Board Part xilinx.com:zcu111:part0:1.2 available at C:/Xilinx/Vivado/2023.2/data/xhub/boards/XilinxBoardStore/boards/Xilinx/zcu111/1.2/board.xml as part xczu28dr-ffvg1517-2-e specified in board_part file is either invalid or not available
WARNING: [Board 49-26] cannot add Board Part xilinx.com:zcu111:part0:1.3 available at C:/Xilinx/Vivado/2023.2/data/xhub/boards/XilinxBoardStore/boards/Xilinx/zcu111/1.3/board.xml as part xczu28dr-ffvg1517-2-e specified in board_part file is either invalid or not available
WARNING: [Board 49-26] cannot add Board Part xilinx.com:zcu111:part0:1.4 available at C:/Xilinx/Vivado/2023.2/data/xhub/boards/XilinxBoardStore/boards/Xilinx/zcu111/1.4/board.xml as part xczu28dr-ffvg1517-2-e specified in board_part file is either invalid or not available
WARNING: [Board 49-26] cannot add Board Part xilinx.com:zcu1275:part0:1.0 available at C:/Xilinx/Vivado/2023.2/data/xhub/boards/XilinxBoardStore/boards/Xilinx/zcu1275/1.0/board.xml as part xczu29dr-ffvf1760-2-e specified in board_part file is either invalid or not available
WARNING: [Board 49-26] cannot add Board Part xilinx.com:zcu1285:part0:1.0 available at C:/Xilinx/Vivado/2023.2/data/xhub/boards/XilinxBoardStore/boards/Xilinx/zcu1285/1.0/board.xml as part xczu39dr-ffvf1760-2-i specified in board_part file is either invalid or not available
WARNING: [Board 49-26] cannot add Board Part xilinx.com:zcu208:part0:2.0 available at C:/Xilinx/Vivado/2023.2/data/xhub/boards/XilinxBoardStore/boards/Xilinx/zcu208/production/2.0/board.xml as part xczu48dr-fsvg1517-2-e specified in board_part file is either invalid or not available
WARNING: [Board 49-26] cannot add Board Part xilinx.com:zcu208ld:part0:2.0 available at C:/Xilinx/Vivado/2023.2/data/xhub/boards/XilinxBoardStore/boards/Xilinx/zcu208ld/production/2.0/board.xml as part xczu58dr-fsvg1517-2-i specified in board_part file is either invalid or not available
WARNING: [Board 49-26] cannot add Board Part xilinx.com:zcu216:part0:2.0 available at C:/Xilinx/Vivado/2023.2/data/xhub/boards/XilinxBoardStore/boards/Xilinx/zcu216/production/2.0/board.xml as part xczu49dr-ffvf1760-2-e specified in board_part file is either invalid or not available
WARNING: [Board 49-26] cannot add Board Part xilinx.com:zcu216ld:part0:2.0 available at C:/Xilinx/Vivado/2023.2/data/xhub/boards/XilinxBoardStore/boards/Xilinx/zcu216ld/production/2.0/board.xml as part xczu59dr-ffvf1760-2-i specified in board_part file is either invalid or not available
WARNING: [Board 49-26] cannot add Board Part xilinx.com:zcu670:part0:2.0 available at C:/Xilinx/Vivado/2023.2/data/xhub/boards/XilinxBoardStore/boards/Xilinx/zcu670/2.0/board.xml as part xczu67dr-fsve1156-2-i specified in board_part file is either invalid or not available
WARNING: [Board 49-26] cannot add Board Part xilinx.com:zcu670ld:part0:1.0 available at C:/Xilinx/Vivado/2023.2/data/xhub/boards/XilinxBoardStore/boards/Xilinx/zcu670ld/1.0/board.xml as part xczu57dr-fsve1156-2-i specified in board_part file is either invalid or not available
INFO: [Project 1-313] Project file moved from 'C:/Users/PC/Documents/UNIVERSIDAD/GIANLUIGI/2024/enprendimineto/SEGUNDO PARCIA/segundo_parcial/BUENO/parcial_2' since last save.
INFO: [filemgmt 56-3] Default IP Output Path : Could not find the directory 'C:/Users/vital/OneDrive/Escritorio/parcial_2/parcial_2/parcial_2.gen/sources_1'.
Scanning sources...
Finished scanning sources
INFO: [IP_Flow 19-234] Refreshing IP repositories
INFO: [IP_Flow 19-1704] No user IP repositories specified
INFO: [IP_Flow 19-2313] Loaded Vivado IP repository 'C:/Xilinx/Vivado/2023.2/data/ip'.
open_project: Time (s): cpu = 00:00:38 ; elapsed = 00:00:18 . Memory (MB): peak = 1457.066 ; gain = 125.867
update_compile_order -fileset sources_1
WARNING: [filemgmt 56-199] Attempt to get parsing info during refresh. "On-the-fly" syntax checking information may be incorrect. [C:\Users\vital\OneDrive\Escritorio\parcial_2\parcial_2\parcial_2.srcs\sources_1\new\top_fsm_example1.sv:]
WARNING: [filemgmt 56-199] Attempt to get parsing info during refresh. "On-the-fly" syntax checking information may be incorrect. [C:\Users\vital\OneDrive\Escritorio\parcial_2\parcial_2\parcial_2.srcs\sources_1\new\fsm_example1.sv:]
WARNING: [filemgmt 56-199] Attempt to get parsing info during refresh. "On-the-fly" syntax checking information may be incorrect. [C:\Users\vital\OneDrive\Escritorio\parcial_2\parcial_2\parcial_2.srcs\sources_1\new\clck_psc.sv:]
WARNING: [filemgmt 56-199] Attempt to get parsing info during refresh. "On-the-fly" syntax checking information may be incorrect. [C:\Users\vital\OneDrive\Escritorio\parcial_2\parcial_2\parcial_2.srcs\sources_1\new\top_fsm_example1.sv:]
WARNING: [filemgmt 56-199] Attempt to get parsing info during refresh. "On-the-fly" syntax checking information may be incorrect. [C:\Users\vital\OneDrive\Escritorio\parcial_2\parcial_2\parcial_2.srcs\sources_1\new\fsm_example1.sv:]
WARNING: [filemgmt 56-199] Attempt to get parsing info during refresh. "On-the-fly" syntax checking information may be incorrect. [C:\Users\vital\OneDrive\Escritorio\parcial_2\parcial_2\parcial_2.srcs\sources_1\new\clck_psc.sv:]
reset_run synth_1
INFO: [Project 1-1161] Replacing file C:/Users/vital/OneDrive/Escritorio/parcial_2/parcial_2/parcial_2.srcs/utils_1/imports/synth_1/top_fsm_example1.dcp with file C:/Users/vital/OneDrive/Escritorio/parcial_2/parcial_2/parcial_2.runs/synth_1/top_fsm_example1.dcp
WARNING: [filemgmt 56-199] Attempt to get parsing info during refresh. "On-the-fly" syntax checking information may be incorrect. [C:\Users\vital\OneDrive\Escritorio\parcial_2\parcial_2\parcial_2.srcs\sources_1\new\top_fsm_example1.sv:]
WARNING: [filemgmt 56-199] Attempt to get parsing info during refresh. "On-the-fly" syntax checking information may be incorrect. [C:\Users\vital\OneDrive\Escritorio\parcial_2\parcial_2\parcial_2.srcs\sources_1\new\fsm_example1.sv:]
WARNING: [filemgmt 56-199] Attempt to get parsing info during refresh. "On-the-fly" syntax checking information may be incorrect. [C:\Users\vital\OneDrive\Escritorio\parcial_2\parcial_2\parcial_2.srcs\sources_1\new\clck_psc.sv:]
launch_runs impl_1 -jobs 2
WARNING: [filemgmt 56-199] Attempt to get parsing info during refresh. "On-the-fly" syntax checking information may be incorrect. [C:\Users\vital\OneDrive\Escritorio\parcial_2\parcial_2\parcial_2.srcs\sources_1\new\top_fsm_example1.sv:]
WARNING: [filemgmt 56-199] Attempt to get parsing info during refresh. "On-the-fly" syntax checking information may be incorrect. [C:\Users\vital\OneDrive\Escritorio\parcial_2\parcial_2\parcial_2.srcs\sources_1\new\fsm_example1.sv:]
WARNING: [filemgmt 56-199] Attempt to get parsing info during refresh. "On-the-fly" syntax checking information may be incorrect. [C:\Users\vital\OneDrive\Escritorio\parcial_2\parcial_2\parcial_2.srcs\sources_1\new\clck_psc.sv:]
WARNING: [filemgmt 56-199] Attempt to get parsing info during refresh. "On-the-fly" syntax checking information may be incorrect. [C:\Users\vital\OneDrive\Escritorio\parcial_2\parcial_2\parcial_2.srcs\sources_1\new\top_fsm_example1.sv:]
WARNING: [filemgmt 56-199] Attempt to get parsing info during refresh. "On-the-fly" syntax checking information may be incorrect. [C:\Users\vital\OneDrive\Escritorio\parcial_2\parcial_2\parcial_2.srcs\sources_1\new\fsm_example1.sv:]
WARNING: [filemgmt 56-199] Attempt to get parsing info during refresh. "On-the-fly" syntax checking information may be incorrect. [C:\Users\vital\OneDrive\Escritorio\parcial_2\parcial_2\parcial_2.srcs\sources_1\new\clck_psc.sv:]
WARNING: [filemgmt 56-199] Attempt to get parsing info during refresh. "On-the-fly" syntax checking information may be incorrect. [C:\Users\vital\OneDrive\Escritorio\parcial_2\parcial_2\parcial_2.srcs\sources_1\new\top_fsm_example1.sv:]
WARNING: [filemgmt 56-199] Attempt to get parsing info during refresh. "On-the-fly" syntax checking information may be incorrect. [C:\Users\vital\OneDrive\Escritorio\parcial_2\parcial_2\parcial_2.srcs\sources_1\new\fsm_example1.sv:]
WARNING: [filemgmt 56-199] Attempt to get parsing info during refresh. "On-the-fly" syntax checking information may be incorrect. [C:\Users\vital\OneDrive\Escritorio\parcial_2\parcial_2\parcial_2.srcs\sources_1\new\clck_psc.sv:]
[Thu May  2 17:36:33 2024] Launched synth_1...
Run output will be captured here: C:/Users/vital/OneDrive/Escritorio/parcial_2/parcial_2/parcial_2.runs/synth_1/runme.log
[Thu May  2 17:36:33 2024] Launched impl_1...
Run output will be captured here: C:/Users/vital/OneDrive/Escritorio/parcial_2/parcial_2/parcial_2.runs/impl_1/runme.log
WARNING: [filemgmt 56-199] Attempt to get parsing info during refresh. "On-the-fly" syntax checking information may be incorrect. [C:\Users\vital\OneDrive\Escritorio\parcial_2\parcial_2\parcial_2.srcs\sources_1\new\top_fsm_example1.sv:]
WARNING: [filemgmt 56-199] Attempt to get parsing info during refresh. "On-the-fly" syntax checking information may be incorrect. [C:\Users\vital\OneDrive\Escritorio\parcial_2\parcial_2\parcial_2.srcs\sources_1\new\fsm_example1.sv:]
WARNING: [filemgmt 56-199] Attempt to get parsing info during refresh. "On-the-fly" syntax checking information may be incorrect. [C:\Users\vital\OneDrive\Escritorio\parcial_2\parcial_2\parcial_2.srcs\sources_1\new\clck_psc.sv:]
ERROR: [Common 17-180] Spawn failed: No error
synth_design -rtl -rtl_skip_mlo -name rtl_1
Command: synth_design -rtl -rtl_skip_mlo -name rtl_1
Starting synth_design
Using part: xc7a35tcpg236-1
Top: top_fsm_example1
INFO: [Device 21-403] Loading part xc7a35tcpg236-1
INFO: [Synth 8-7079] Multithreading enabled for synth_design using a maximum of 2 processes.
INFO: [Synth 8-7078] Launching helper process for spawning children vivado processes
INFO: [Synth 8-7075] Helper process launched with PID 5140
---------------------------------------------------------------------------------
Starting RTL Elaboration : Time (s): cpu = 00:00:12 ; elapsed = 00:00:11 . Memory (MB): peak = 2287.902 ; gain = 434.035
---------------------------------------------------------------------------------
INFO: [Synth 8-11241] undeclared symbol 'salida', assumed default net type 'wire' [C:/Users/vital/OneDrive/Escritorio/parcial_2/parcial_2/parcial_2.srcs/sources_1/new/fsm_example1.sv:70]
INFO: [Synth 8-6157] synthesizing module 'top_fsm_example1' [C:/Users/vital/OneDrive/Escritorio/parcial_2/parcial_2/parcial_2.srcs/sources_1/new/top_fsm_example1.sv:3]
INFO: [Synth 8-6157] synthesizing module 'clck_psc' [C:/Users/vital/OneDrive/Escritorio/parcial_2/parcial_2/parcial_2.srcs/sources_1/new/clck_psc.sv:4]
INFO: [Synth 8-6155] done synthesizing module 'clck_psc' (0#1) [C:/Users/vital/OneDrive/Escritorio/parcial_2/parcial_2/parcial_2.srcs/sources_1/new/clck_psc.sv:4]
INFO: [Synth 8-6157] synthesizing module 'fsm_example1' [C:/Users/vital/OneDrive/Escritorio/parcial_2/parcial_2/parcial_2.srcs/sources_1/new/fsm_example1.sv:3]
INFO: [Synth 8-6155] done synthesizing module 'fsm_example1' (0#1) [C:/Users/vital/OneDrive/Escritorio/parcial_2/parcial_2/parcial_2.srcs/sources_1/new/fsm_example1.sv:3]
WARNING: [Synth 8-7071] port 'reset' of module 'fsm_example1' is unconnected for instance 'example' [C:/Users/vital/OneDrive/Escritorio/parcial_2/parcial_2/parcial_2.srcs/sources_1/new/top_fsm_example1.sv:13]
WARNING: [Synth 8-7023] instance 'example' of module 'fsm_example1' has 11 connections declared, but only 10 given [C:/Users/vital/OneDrive/Escritorio/parcial_2/parcial_2/parcial_2.srcs/sources_1/new/top_fsm_example1.sv:13]
INFO: [Synth 8-6155] done synthesizing module 'top_fsm_example1' (0#1) [C:/Users/vital/OneDrive/Escritorio/parcial_2/parcial_2/parcial_2.srcs/sources_1/new/top_fsm_example1.sv:3]
WARNING: [Synth 8-3848] Net clk_out in module/entity clck_psc does not have driver. [C:/Users/vital/OneDrive/Escritorio/parcial_2/parcial_2/parcial_2.srcs/sources_1/new/clck_psc.sv:5]
WARNING: [Synth 8-7129] Port clk_out in module clck_psc is either unconnected or has no load
WARNING: [Synth 8-7129] Port CLK100MHZ in module clck_psc is either unconnected or has no load
---------------------------------------------------------------------------------
Finished RTL Elaboration : Time (s): cpu = 00:00:15 ; elapsed = 00:00:14 . Memory (MB): peak = 2387.566 ; gain = 533.699
---------------------------------------------------------------------------------
---------------------------------------------------------------------------------
Start Handling Custom Attributes
---------------------------------------------------------------------------------
---------------------------------------------------------------------------------
Finished Handling Custom Attributes : Time (s): cpu = 00:00:15 ; elapsed = 00:00:14 . Memory (MB): peak = 2387.566 ; gain = 533.699
---------------------------------------------------------------------------------
---------------------------------------------------------------------------------
Finished RTL Optimization Phase 1 : Time (s): cpu = 00:00:15 ; elapsed = 00:00:14 . Memory (MB): peak = 2387.566 ; gain = 533.699
---------------------------------------------------------------------------------
Netlist sorting complete. Time (s): cpu = 00:00:00 ; elapsed = 00:00:00 . Memory (MB): peak = 2387.566 ; gain = 0.000
INFO: [Project 1-570] Preparing netlist for logic optimization

Processing XDC Constraints
Initializing timing engine
Parsing XDC File [C:/Users/vital/OneDrive/Escritorio/parcial_2/parcial_2/parcial_2.srcs/constrs_1/new/basys3_xdc.xdc]
WARNING: [Vivado 12-584] No ports matched 'sw[3]'. [C:/Users/vital/OneDrive/Escritorio/parcial_2/parcial_2/parcial_2.srcs/constrs_1/new/basys3_xdc.xdc:14]
CRITICAL WARNING: [Common 17-55] 'set_property' expects at least one object. [C:/Users/vital/OneDrive/Escritorio/parcial_2/parcial_2/parcial_2.srcs/constrs_1/new/basys3_xdc.xdc:14]
Resolution: If [get_<value>] was used to populate the object, check to make sure this command returns at least one valid object.
WARNING: [Vivado 12-584] No ports matched 'sw[3]'. [C:/Users/vital/OneDrive/Escritorio/parcial_2/parcial_2/parcial_2.srcs/constrs_1/new/basys3_xdc.xdc:15]
CRITICAL WARNING: [Common 17-55] 'set_property' expects at least one object. [C:/Users/vital/OneDrive/Escritorio/parcial_2/parcial_2/parcial_2.srcs/constrs_1/new/basys3_xdc.xdc:15]
Resolution: If [get_<value>] was used to populate the object, check to make sure this command returns at least one valid object.
WARNING: [Vivado 12-584] No ports matched 'sw[4]'. [C:/Users/vital/OneDrive/Escritorio/parcial_2/parcial_2/parcial_2.srcs/constrs_1/new/basys3_xdc.xdc:16]
CRITICAL WARNING: [Common 17-55] 'set_property' expects at least one object. [C:/Users/vital/OneDrive/Escritorio/parcial_2/parcial_2/parcial_2.srcs/constrs_1/new/basys3_xdc.xdc:16]
Resolution: If [get_<value>] was used to populate the object, check to make sure this command returns at least one valid object.
WARNING: [Vivado 12-584] No ports matched 'sw[4]'. [C:/Users/vital/OneDrive/Escritorio/parcial_2/parcial_2/parcial_2.srcs/constrs_1/new/basys3_xdc.xdc:17]
CRITICAL WARNING: [Common 17-55] 'set_property' expects at least one object. [C:/Users/vital/OneDrive/Escritorio/parcial_2/parcial_2/parcial_2.srcs/constrs_1/new/basys3_xdc.xdc:17]
Resolution: If [get_<value>] was used to populate the object, check to make sure this command returns at least one valid object.
WARNING: [Vivado 12-584] No ports matched 'LED[6]'. [C:/Users/vital/OneDrive/Escritorio/parcial_2/parcial_2/parcial_2.srcs/constrs_1/new/basys3_xdc.xdc:32]
CRITICAL WARNING: [Common 17-55] 'set_property' expects at least one object. [C:/Users/vital/OneDrive/Escritorio/parcial_2/parcial_2/parcial_2.srcs/constrs_1/new/basys3_xdc.xdc:32]
Resolution: If [get_<value>] was used to populate the object, check to make sure this command returns at least one valid object.
WARNING: [Vivado 12-584] No ports matched 'LED[6]'. [C:/Users/vital/OneDrive/Escritorio/parcial_2/parcial_2/parcial_2.srcs/constrs_1/new/basys3_xdc.xdc:33]
CRITICAL WARNING: [Common 17-55] 'set_property' expects at least one object. [C:/Users/vital/OneDrive/Escritorio/parcial_2/parcial_2/parcial_2.srcs/constrs_1/new/basys3_xdc.xdc:33]
Resolution: If [get_<value>] was used to populate the object, check to make sure this command returns at least one valid object.
Finished Parsing XDC File [C:/Users/vital/OneDrive/Escritorio/parcial_2/parcial_2/parcial_2.srcs/constrs_1/new/basys3_xdc.xdc]
Completed Processing XDC Constraints

Netlist sorting complete. Time (s): cpu = 00:00:00 ; elapsed = 00:00:00 . Memory (MB): peak = 2465.027 ; gain = 0.000
INFO: [Project 1-111] Unisim Transformation Summary:
No Unisim elements were transformed.

RTL Elaboration Complete:  : Time (s): cpu = 00:00:31 ; elapsed = 00:00:22 . Memory (MB): peak = 2503.590 ; gain = 649.723
13 Infos, 11 Warnings, 6 Critical Warnings and 0 Errors encountered.
synth_design completed successfully
synth_design: Time (s): cpu = 00:00:38 ; elapsed = 00:00:29 . Memory (MB): peak = 2503.590 ; gain = 1028.887
reset_run synth_1
INFO: [Project 1-1161] Replacing file C:/Users/vital/OneDrive/Escritorio/parcial_2/parcial_2/parcial_2.srcs/utils_1/imports/synth_1/top_fsm_example1.dcp with file C:/Users/vital/OneDrive/Escritorio/parcial_2/parcial_2/parcial_2.runs/synth_1/top_fsm_example1.dcp
launch_runs synth_1 -jobs 2
[Thu May  2 17:38:18 2024] Launched synth_1...
Run output will be captured here: C:/Users/vital/OneDrive/Escritorio/parcial_2/parcial_2/parcial_2.runs/synth_1/runme.log
WARNING: [filemgmt 56-199] Attempt to get parsing info during refresh. "On-the-fly" syntax checking information may be incorrect. [C:\Users\vital\OneDrive\Escritorio\parcial_2\parcial_2\parcial_2.srcs\sources_1\new\top_fsm_example1.sv:]
WARNING: [filemgmt 56-199] Attempt to get parsing info during refresh. "On-the-fly" syntax checking information may be incorrect. [C:\Users\vital\OneDrive\Escritorio\parcial_2\parcial_2\parcial_2.srcs\sources_1\new\clck_psc.sv:]
ERROR: [Common 17-180] Spawn failed: No error
launch_runs impl_1 -jobs 2
[Thu May  2 17:39:35 2024] Launched impl_1...
Run output will be captured here: C:/Users/vital/OneDrive/Escritorio/parcial_2/parcial_2/parcial_2.runs/impl_1/runme.log
launch_runs impl_1 -to_step write_bitstream -jobs 2
[Thu May  2 17:41:10 2024] Launched impl_1...
Run output will be captured here: C:/Users/vital/OneDrive/Escritorio/parcial_2/parcial_2/parcial_2.runs/impl_1/runme.log
open_hw_manager
connect_hw_server -allow_non_jtag
INFO: [Labtools 27-2285] Connecting to hw_server url TCP:localhost:3121
INFO: [Labtools 27-2222] Launching hw_server...
INFO: [Labtools 27-2221] Launch Output:
ECHO est  desactivado.
ECHO est  desactivado.

****** Xilinx hw_server v2023.2.1
  **** Build date : Dec 14 2023 at 13:42:59
    ** Copyright 1986-2022 Xilinx, Inc. All Rights Reserved.


INFO: [Labtools 27-3415] Connecting to cs_server url TCP:localhost:0
INFO: [Labtools 27-3417] Launching cs_server...
INFO: [Labtools 27-2221] Launch Output:
ECHO est  desactivado.
ECHO est  desactivado.


******** Xilinx cs_server v2023.2.0
  ****** Build date   : Oct 09 2023-22:01:56
    **** Build number : 2023.2.1696910516
      ** Copyright 2017-2022 Xilinx, Inc. All Rights Reserved.
      ** Copyright 2022-2024 Advanced Micro Devices, Inc. All Rights Reserved.



connect_hw_server: Time (s): cpu = 00:00:01 ; elapsed = 00:00:07 . Memory (MB): peak = 2513.426 ; gain = 2.410
open_hw_target
INFO: [Labtoolstcl 44-466] Opening hw_target localhost:3121/xilinx_tcf/Digilent/210183740267A
set_property PROGRAM.FILE {C:/Users/vital/OneDrive/Escritorio/parcial_2/parcial_2/parcial_2.runs/impl_1/top_fsm_example1.bit} [get_hw_devices xc7a35t_0]
current_hw_device [get_hw_devices xc7a35t_0]
refresh_hw_device -update_hw_probes false [lindex [get_hw_devices xc7a35t_0] 0]
INFO: [Labtools 27-1434] Device xc7a35t (JTAG device index = 0) is programmed with a design that has no supported debug core(s) in it.
set_property PROBES.FILE {} [get_hw_devices xc7a35t_0]
set_property FULL_PROBES.FILE {} [get_hw_devices xc7a35t_0]
set_property PROGRAM.FILE {C:/Users/vital/OneDrive/Escritorio/parcial_2/parcial_2/parcial_2.runs/impl_1/top_fsm_example1.bit} [get_hw_devices xc7a35t_0]
program_hw_devices [get_hw_devices xc7a35t_0]
INFO: [Labtools 27-3164] End of startup status: HIGH
refresh_hw_device [lindex [get_hw_devices xc7a35t_0] 0]
INFO: [Labtools 27-1434] Device xc7a35t (JTAG device index = 0) is programmed with a design that has no supported debug core(s) in it.
close_hw_manager
WARNING: [filemgmt 56-199] Attempt to get parsing info during refresh. "On-the-fly" syntax checking information may be incorrect. [C:\Users\vital\OneDrive\Escritorio\parcial_2\parcial_2\parcial_2.srcs\sources_1\new\top_fsm_example1.sv:]
WARNING: [filemgmt 56-199] Attempt to get parsing info during refresh. "On-the-fly" syntax checking information may be incorrect. [C:\Users\vital\OneDrive\Escritorio\parcial_2\parcial_2\parcial_2.srcs\sources_1\new\clck_psc.sv:]
refresh_design
INFO: [Synth 8-7079] Multithreading enabled for synth_design using a maximum of 2 processes.
---------------------------------------------------------------------------------
Starting RTL Elaboration : Time (s): cpu = 00:00:12 ; elapsed = 00:00:10 . Memory (MB): peak = 2648.539 ; gain = 117.523
---------------------------------------------------------------------------------
INFO: [Synth 8-11241] undeclared symbol 'salida', assumed default net type 'wire' [C:/Users/vital/OneDrive/Escritorio/parcial_2/parcial_2/parcial_2.srcs/sources_1/new/fsm_example1.sv:70]
INFO: [Synth 8-6157] synthesizing module 'top_fsm_example1' [C:/Users/vital/OneDrive/Escritorio/parcial_2/parcial_2/parcial_2.srcs/sources_1/new/top_fsm_example1.sv:3]
INFO: [Synth 8-6157] synthesizing module 'clck_psc' [C:/Users/vital/OneDrive/Escritorio/parcial_2/parcial_2/parcial_2.srcs/sources_1/new/clck_psc.sv:4]
INFO: [Synth 8-6155] done synthesizing module 'clck_psc' (0#1) [C:/Users/vital/OneDrive/Escritorio/parcial_2/parcial_2/parcial_2.srcs/sources_1/new/clck_psc.sv:4]
INFO: [Synth 8-6157] synthesizing module 'fsm_example1' [C:/Users/vital/OneDrive/Escritorio/parcial_2/parcial_2/parcial_2.srcs/sources_1/new/fsm_example1.sv:3]
INFO: [Synth 8-6155] done synthesizing module 'fsm_example1' (0#1) [C:/Users/vital/OneDrive/Escritorio/parcial_2/parcial_2/parcial_2.srcs/sources_1/new/fsm_example1.sv:3]
WARNING: [Synth 8-7071] port 'reset' of module 'fsm_example1' is unconnected for instance 'example' [C:/Users/vital/OneDrive/Escritorio/parcial_2/parcial_2/parcial_2.srcs/sources_1/new/top_fsm_example1.sv:13]
WARNING: [Synth 8-7023] instance 'example' of module 'fsm_example1' has 11 connections declared, but only 10 given [C:/Users/vital/OneDrive/Escritorio/parcial_2/parcial_2/parcial_2.srcs/sources_1/new/top_fsm_example1.sv:13]
INFO: [Synth 8-6155] done synthesizing module 'top_fsm_example1' (0#1) [C:/Users/vital/OneDrive/Escritorio/parcial_2/parcial_2/parcial_2.srcs/sources_1/new/top_fsm_example1.sv:3]
---------------------------------------------------------------------------------
Finished RTL Elaboration : Time (s): cpu = 00:00:15 ; elapsed = 00:00:13 . Memory (MB): peak = 2761.164 ; gain = 230.148
---------------------------------------------------------------------------------
---------------------------------------------------------------------------------
Start Handling Custom Attributes
---------------------------------------------------------------------------------
---------------------------------------------------------------------------------
Finished Handling Custom Attributes : Time (s): cpu = 00:00:15 ; elapsed = 00:00:13 . Memory (MB): peak = 2782.066 ; gain = 251.051
---------------------------------------------------------------------------------
---------------------------------------------------------------------------------
Finished RTL Optimization Phase 1 : Time (s): cpu = 00:00:15 ; elapsed = 00:00:13 . Memory (MB): peak = 2782.066 ; gain = 251.051
---------------------------------------------------------------------------------
Netlist sorting complete. Time (s): cpu = 00:00:00 ; elapsed = 00:00:00.001 . Memory (MB): peak = 2787.098 ; gain = 0.000
INFO: [Project 1-570] Preparing netlist for logic optimization

Processing XDC Constraints
Initializing timing engine
Parsing XDC File [C:/Users/vital/OneDrive/Escritorio/parcial_2/parcial_2/parcial_2.srcs/constrs_1/new/basys3_xdc.xdc]
WARNING: [Vivado 12-584] No ports matched 'sw[3]'. [C:/Users/vital/OneDrive/Escritorio/parcial_2/parcial_2/parcial_2.srcs/constrs_1/new/basys3_xdc.xdc:14]
CRITICAL WARNING: [Common 17-55] 'set_property' expects at least one object. [C:/Users/vital/OneDrive/Escritorio/parcial_2/parcial_2/parcial_2.srcs/constrs_1/new/basys3_xdc.xdc:14]
Resolution: If [get_<value>] was used to populate the object, check to make sure this command returns at least one valid object.
WARNING: [Vivado 12-584] No ports matched 'sw[3]'. [C:/Users/vital/OneDrive/Escritorio/parcial_2/parcial_2/parcial_2.srcs/constrs_1/new/basys3_xdc.xdc:15]
CRITICAL WARNING: [Common 17-55] 'set_property' expects at least one object. [C:/Users/vital/OneDrive/Escritorio/parcial_2/parcial_2/parcial_2.srcs/constrs_1/new/basys3_xdc.xdc:15]
Resolution: If [get_<value>] was used to populate the object, check to make sure this command returns at least one valid object.
WARNING: [Vivado 12-584] No ports matched 'sw[4]'. [C:/Users/vital/OneDrive/Escritorio/parcial_2/parcial_2/parcial_2.srcs/constrs_1/new/basys3_xdc.xdc:16]
CRITICAL WARNING: [Common 17-55] 'set_property' expects at least one object. [C:/Users/vital/OneDrive/Escritorio/parcial_2/parcial_2/parcial_2.srcs/constrs_1/new/basys3_xdc.xdc:16]
Resolution: If [get_<value>] was used to populate the object, check to make sure this command returns at least one valid object.
WARNING: [Vivado 12-584] No ports matched 'sw[4]'. [C:/Users/vital/OneDrive/Escritorio/parcial_2/parcial_2/parcial_2.srcs/constrs_1/new/basys3_xdc.xdc:17]
CRITICAL WARNING: [Common 17-55] 'set_property' expects at least one object. [C:/Users/vital/OneDrive/Escritorio/parcial_2/parcial_2/parcial_2.srcs/constrs_1/new/basys3_xdc.xdc:17]
Resolution: If [get_<value>] was used to populate the object, check to make sure this command returns at least one valid object.
WARNING: [Vivado 12-584] No ports matched 'LED[6]'. [C:/Users/vital/OneDrive/Escritorio/parcial_2/parcial_2/parcial_2.srcs/constrs_1/new/basys3_xdc.xdc:32]
CRITICAL WARNING: [Common 17-55] 'set_property' expects at least one object. [C:/Users/vital/OneDrive/Escritorio/parcial_2/parcial_2/parcial_2.srcs/constrs_1/new/basys3_xdc.xdc:32]
Resolution: If [get_<value>] was used to populate the object, check to make sure this command returns at least one valid object.
WARNING: [Vivado 12-584] No ports matched 'LED[6]'. [C:/Users/vital/OneDrive/Escritorio/parcial_2/parcial_2/parcial_2.srcs/constrs_1/new/basys3_xdc.xdc:33]
CRITICAL WARNING: [Common 17-55] 'set_property' expects at least one object. [C:/Users/vital/OneDrive/Escritorio/parcial_2/parcial_2/parcial_2.srcs/constrs_1/new/basys3_xdc.xdc:33]
Resolution: If [get_<value>] was used to populate the object, check to make sure this command returns at least one valid object.
Finished Parsing XDC File [C:/Users/vital/OneDrive/Escritorio/parcial_2/parcial_2/parcial_2.srcs/constrs_1/new/basys3_xdc.xdc]
Completed Processing XDC Constraints

refresh_design: Time (s): cpu = 00:00:27 ; elapsed = 00:00:20 . Memory (MB): peak = 3769.703 ; gain = 1238.688
reset_run synth_1
INFO: [Project 1-1161] Replacing file C:/Users/vital/OneDrive/Escritorio/parcial_2/parcial_2/parcial_2.srcs/utils_1/imports/synth_1/top_fsm_example1.dcp with file C:/Users/vital/OneDrive/Escritorio/parcial_2/parcial_2/parcial_2.runs/synth_1/top_fsm_example1.dcp
launch_runs impl_1 -to_step write_bitstream -jobs 2
[Thu May  2 17:46:39 2024] Launched synth_1...
Run output will be captured here: C:/Users/vital/OneDrive/Escritorio/parcial_2/parcial_2/parcial_2.runs/synth_1/runme.log
[Thu May  2 17:46:39 2024] Launched impl_1...
Run output will be captured here: C:/Users/vital/OneDrive/Escritorio/parcial_2/parcial_2/parcial_2.runs/impl_1/runme.log
WARNING: [filemgmt 56-199] Attempt to get parsing info during refresh. "On-the-fly" syntax checking information may be incorrect. [C:\Users\vital\OneDrive\Escritorio\parcial_2\parcial_2\parcial_2.srcs\sources_1\new\top_fsm_example1.sv:]
WARNING: [filemgmt 56-199] Attempt to get parsing info during refresh. "On-the-fly" syntax checking information may be incorrect. [C:\Users\vital\OneDrive\Escritorio\parcial_2\parcial_2\parcial_2.srcs\sources_1\new\clck_psc.sv:]
ERROR: [Common 17-180] Spawn failed: No error
open_hw_manager
connect_hw_server -allow_non_jtag
INFO: [Labtools 27-2285] Connecting to hw_server url TCP:localhost:3121
INFO: [Labtools 27-2222] Launching hw_server...
INFO: [Labtools 27-2221] Launch Output:
ECHO est  desactivado.
ECHO est  desactivado.

****** Xilinx hw_server v2023.2.1
  **** Build date : Dec 14 2023 at 13:42:59
    ** Copyright 1986-2022 Xilinx, Inc. All Rights Reserved.


INFO: [Labtools 27-3415] Connecting to cs_server url TCP:localhost:0
INFO: [Labtools 27-3417] Launching cs_server...
INFO: [Labtools 27-2221] Launch Output:
ECHO est  desactivado.
ECHO est  desactivado.


******** Xilinx cs_server v2023.2.0
  ****** Build date   : Oct 09 2023-22:01:56
    **** Build number : 2023.2.1696910516
      ** Copyright 2017-2022 Xilinx, Inc. All Rights Reserved.
      ** Copyright 2022-2024 Advanced Micro Devices, Inc. All Rights Reserved.



connect_hw_server: Time (s): cpu = 00:00:00 ; elapsed = 00:00:07 . Memory (MB): peak = 3777.816 ; gain = 0.000
open_hw_target
INFO: [Labtoolstcl 44-466] Opening hw_target localhost:3121/xilinx_tcf/Digilent/210183740267A
set_property PROGRAM.FILE {C:/Users/vital/OneDrive/Escritorio/parcial_2/parcial_2/parcial_2.runs/impl_1/top_fsm_example1.bit} [get_hw_devices xc7a35t_0]
current_hw_device [get_hw_devices xc7a35t_0]
refresh_hw_device -update_hw_probes false [lindex [get_hw_devices xc7a35t_0] 0]
INFO: [Labtools 27-1434] Device xc7a35t (JTAG device index = 0) is programmed with a design that has no supported debug core(s) in it.
set_property PROBES.FILE {} [get_hw_devices xc7a35t_0]
set_property FULL_PROBES.FILE {} [get_hw_devices xc7a35t_0]
set_property PROGRAM.FILE {C:/Users/vital/OneDrive/Escritorio/parcial_2/parcial_2/parcial_2.runs/impl_1/top_fsm_example1.bit} [get_hw_devices xc7a35t_0]
program_hw_devices [get_hw_devices xc7a35t_0]
INFO: [Labtools 27-3164] End of startup status: HIGH
refresh_hw_device [lindex [get_hw_devices xc7a35t_0] 0]
INFO: [Labtools 27-1434] Device xc7a35t (JTAG device index = 0) is programmed with a design that has no supported debug core(s) in it.
close_hw_manager
WARNING: [filemgmt 56-199] Attempt to get parsing info during refresh. "On-the-fly" syntax checking information may be incorrect. [C:\Users\vital\OneDrive\Escritorio\parcial_2\parcial_2\parcial_2.srcs\sources_1\new\top_fsm_example1.sv:]
WARNING: [filemgmt 56-199] Attempt to get parsing info during refresh. "On-the-fly" syntax checking information may be incorrect. [C:\Users\vital\OneDrive\Escritorio\parcial_2\parcial_2\parcial_2.srcs\sources_1\new\fsm_example1.sv:]
WARNING: [filemgmt 56-199] Attempt to get parsing info during refresh. "On-the-fly" syntax checking information may be incorrect. [C:\Users\vital\OneDrive\Escritorio\parcial_2\parcial_2\parcial_2.srcs\sources_1\new\clck_psc.sv:]
refresh_design
INFO: [Synth 8-7079] Multithreading enabled for synth_design using a maximum of 2 processes.
---------------------------------------------------------------------------------
Starting RTL Elaboration : Time (s): cpu = 00:00:12 ; elapsed = 00:00:10 . Memory (MB): peak = 3825.184 ; gain = 29.000
---------------------------------------------------------------------------------
INFO: [Synth 8-11241] undeclared symbol 'salida', assumed default net type 'wire' [C:/Users/vital/OneDrive/Escritorio/parcial_2/parcial_2/parcial_2.srcs/sources_1/new/fsm_example1.sv:70]
INFO: [Synth 8-6157] synthesizing module 'top_fsm_example1' [C:/Users/vital/OneDrive/Escritorio/parcial_2/parcial_2/parcial_2.srcs/sources_1/new/top_fsm_example1.sv:3]
INFO: [Synth 8-6157] synthesizing module 'clck_psc' [C:/Users/vital/OneDrive/Escritorio/parcial_2/parcial_2/parcial_2.srcs/sources_1/new/clck_psc.sv:4]
INFO: [Synth 8-6155] done synthesizing module 'clck_psc' (0#1) [C:/Users/vital/OneDrive/Escritorio/parcial_2/parcial_2/parcial_2.srcs/sources_1/new/clck_psc.sv:4]
INFO: [Synth 8-6157] synthesizing module 'fsm_example1' [C:/Users/vital/OneDrive/Escritorio/parcial_2/parcial_2/parcial_2.srcs/sources_1/new/fsm_example1.sv:3]
INFO: [Synth 8-6155] done synthesizing module 'fsm_example1' (0#1) [C:/Users/vital/OneDrive/Escritorio/parcial_2/parcial_2/parcial_2.srcs/sources_1/new/fsm_example1.sv:3]
WARNING: [Synth 8-7071] port 'reset' of module 'fsm_example1' is unconnected for instance 'example' [C:/Users/vital/OneDrive/Escritorio/parcial_2/parcial_2/parcial_2.srcs/sources_1/new/top_fsm_example1.sv:13]
WARNING: [Synth 8-7023] instance 'example' of module 'fsm_example1' has 11 connections declared, but only 10 given [C:/Users/vital/OneDrive/Escritorio/parcial_2/parcial_2/parcial_2.srcs/sources_1/new/top_fsm_example1.sv:13]
INFO: [Synth 8-6155] done synthesizing module 'top_fsm_example1' (0#1) [C:/Users/vital/OneDrive/Escritorio/parcial_2/parcial_2/parcial_2.srcs/sources_1/new/top_fsm_example1.sv:3]
---------------------------------------------------------------------------------
Finished RTL Elaboration : Time (s): cpu = 00:00:15 ; elapsed = 00:00:13 . Memory (MB): peak = 3840.855 ; gain = 44.672
---------------------------------------------------------------------------------
---------------------------------------------------------------------------------
Start Handling Custom Attributes
---------------------------------------------------------------------------------
---------------------------------------------------------------------------------
Finished Handling Custom Attributes : Time (s): cpu = 00:00:15 ; elapsed = 00:00:13 . Memory (MB): peak = 3864.609 ; gain = 68.426
---------------------------------------------------------------------------------
---------------------------------------------------------------------------------
Finished RTL Optimization Phase 1 : Time (s): cpu = 00:00:15 ; elapsed = 00:00:13 . Memory (MB): peak = 3864.609 ; gain = 68.426
---------------------------------------------------------------------------------
Netlist sorting complete. Time (s): cpu = 00:00:00 ; elapsed = 00:00:00.001 . Memory (MB): peak = 3868.188 ; gain = 0.000
INFO: [Project 1-570] Preparing netlist for logic optimization

Processing XDC Constraints
Initializing timing engine
Parsing XDC File [C:/Users/vital/OneDrive/Escritorio/parcial_2/parcial_2/parcial_2.srcs/constrs_1/new/basys3_xdc.xdc]
WARNING: [Vivado 12-584] No ports matched 'sw[3]'. [C:/Users/vital/OneDrive/Escritorio/parcial_2/parcial_2/parcial_2.srcs/constrs_1/new/basys3_xdc.xdc:14]
CRITICAL WARNING: [Common 17-55] 'set_property' expects at least one object. [C:/Users/vital/OneDrive/Escritorio/parcial_2/parcial_2/parcial_2.srcs/constrs_1/new/basys3_xdc.xdc:14]
Resolution: If [get_<value>] was used to populate the object, check to make sure this command returns at least one valid object.
WARNING: [Vivado 12-584] No ports matched 'sw[3]'. [C:/Users/vital/OneDrive/Escritorio/parcial_2/parcial_2/parcial_2.srcs/constrs_1/new/basys3_xdc.xdc:15]
CRITICAL WARNING: [Common 17-55] 'set_property' expects at least one object. [C:/Users/vital/OneDrive/Escritorio/parcial_2/parcial_2/parcial_2.srcs/constrs_1/new/basys3_xdc.xdc:15]
Resolution: If [get_<value>] was used to populate the object, check to make sure this command returns at least one valid object.
WARNING: [Vivado 12-584] No ports matched 'sw[4]'. [C:/Users/vital/OneDrive/Escritorio/parcial_2/parcial_2/parcial_2.srcs/constrs_1/new/basys3_xdc.xdc:16]
CRITICAL WARNING: [Common 17-55] 'set_property' expects at least one object. [C:/Users/vital/OneDrive/Escritorio/parcial_2/parcial_2/parcial_2.srcs/constrs_1/new/basys3_xdc.xdc:16]
Resolution: If [get_<value>] was used to populate the object, check to make sure this command returns at least one valid object.
WARNING: [Vivado 12-584] No ports matched 'sw[4]'. [C:/Users/vital/OneDrive/Escritorio/parcial_2/parcial_2/parcial_2.srcs/constrs_1/new/basys3_xdc.xdc:17]
CRITICAL WARNING: [Common 17-55] 'set_property' expects at least one object. [C:/Users/vital/OneDrive/Escritorio/parcial_2/parcial_2/parcial_2.srcs/constrs_1/new/basys3_xdc.xdc:17]
Resolution: If [get_<value>] was used to populate the object, check to make sure this command returns at least one valid object.
WARNING: [Vivado 12-584] No ports matched 'LED[6]'. [C:/Users/vital/OneDrive/Escritorio/parcial_2/parcial_2/parcial_2.srcs/constrs_1/new/basys3_xdc.xdc:32]
CRITICAL WARNING: [Common 17-55] 'set_property' expects at least one object. [C:/Users/vital/OneDrive/Escritorio/parcial_2/parcial_2/parcial_2.srcs/constrs_1/new/basys3_xdc.xdc:32]
Resolution: If [get_<value>] was used to populate the object, check to make sure this command returns at least one valid object.
WARNING: [Vivado 12-584] No ports matched 'LED[6]'. [C:/Users/vital/OneDrive/Escritorio/parcial_2/parcial_2/parcial_2.srcs/constrs_1/new/basys3_xdc.xdc:33]
CRITICAL WARNING: [Common 17-55] 'set_property' expects at least one object. [C:/Users/vital/OneDrive/Escritorio/parcial_2/parcial_2/parcial_2.srcs/constrs_1/new/basys3_xdc.xdc:33]
Resolution: If [get_<value>] was used to populate the object, check to make sure this command returns at least one valid object.
Finished Parsing XDC File [C:/Users/vital/OneDrive/Escritorio/parcial_2/parcial_2/parcial_2.srcs/constrs_1/new/basys3_xdc.xdc]
Completed Processing XDC Constraints

refresh_design: Time (s): cpu = 00:00:25 ; elapsed = 00:00:19 . Memory (MB): peak = 3868.188 ; gain = 72.004
reset_run synth_1
INFO: [Project 1-1161] Replacing file C:/Users/vital/OneDrive/Escritorio/parcial_2/parcial_2/parcial_2.srcs/utils_1/imports/synth_1/top_fsm_example1.dcp with file C:/Users/vital/OneDrive/Escritorio/parcial_2/parcial_2/parcial_2.runs/synth_1/top_fsm_example1.dcp
launch_runs impl_1 -to_step write_bitstream -jobs 2
[Thu May  2 18:00:46 2024] Launched synth_1...
Run output will be captured here: C:/Users/vital/OneDrive/Escritorio/parcial_2/parcial_2/parcial_2.runs/synth_1/runme.log
[Thu May  2 18:00:46 2024] Launched impl_1...
Run output will be captured here: C:/Users/vital/OneDrive/Escritorio/parcial_2/parcial_2/parcial_2.runs/impl_1/runme.log
WARNING: [filemgmt 56-199] Attempt to get parsing info during refresh. "On-the-fly" syntax checking information may be incorrect. [C:\Users\vital\OneDrive\Escritorio\parcial_2\parcial_2\parcial_2.srcs\sources_1\new\top_fsm_example1.sv:]
WARNING: [filemgmt 56-199] Attempt to get parsing info during refresh. "On-the-fly" syntax checking information may be incorrect. [C:\Users\vital\OneDrive\Escritorio\parcial_2\parcial_2\parcial_2.srcs\sources_1\new\fsm_example1.sv:]
WARNING: [filemgmt 56-199] Attempt to get parsing info during refresh. "On-the-fly" syntax checking information may be incorrect. [C:\Users\vital\OneDrive\Escritorio\parcial_2\parcial_2\parcial_2.srcs\sources_1\new\clck_psc.sv:]
WARNING: [filemgmt 56-199] Attempt to get parsing info during refresh. "On-the-fly" syntax checking information may be incorrect. [C:\Users\vital\OneDrive\Escritorio\parcial_2\parcial_2\parcial_2.srcs\sources_1\new\top_fsm_example1.sv:]
WARNING: [filemgmt 56-199] Attempt to get parsing info during refresh. "On-the-fly" syntax checking information may be incorrect. [C:\Users\vital\OneDrive\Escritorio\parcial_2\parcial_2\parcial_2.srcs\sources_1\new\fsm_example1.sv:]
WARNING: [filemgmt 56-199] Attempt to get parsing info during refresh. "On-the-fly" syntax checking information may be incorrect. [C:\Users\vital\OneDrive\Escritorio\parcial_2\parcial_2\parcial_2.srcs\sources_1\new\clck_psc.sv:]
ERROR: [Common 17-180] Spawn failed: No error
open_hw_manager
connect_hw_server -allow_non_jtag
INFO: [Labtools 27-2285] Connecting to hw_server url TCP:localhost:3121
INFO: [Labtools 27-2222] Launching hw_server...
INFO: [Labtools 27-2221] Launch Output:
ECHO est  desactivado.
ECHO est  desactivado.

****** Xilinx hw_server v2023.2.1
  **** Build date : Dec 14 2023 at 13:42:59
    ** Copyright 1986-2022 Xilinx, Inc. All Rights Reserved.


INFO: [Labtools 27-3415] Connecting to cs_server url TCP:localhost:0
INFO: [Labtools 27-3417] Launching cs_server...
INFO: [Labtools 27-2221] Launch Output:
ECHO est  desactivado.
ECHO est  desactivado.


******** Xilinx cs_server v2023.2.0
  ****** Build date   : Oct 09 2023-22:01:56
    **** Build number : 2023.2.1696910516
      ** Copyright 2017-2022 Xilinx, Inc. All Rights Reserved.
      ** Copyright 2022-2024 Advanced Micro Devices, Inc. All Rights Reserved.



connect_hw_server: Time (s): cpu = 00:00:01 ; elapsed = 00:00:09 . Memory (MB): peak = 3868.188 ; gain = 0.000
open_hw_target
INFO: [Labtoolstcl 44-466] Opening hw_target localhost:3121/xilinx_tcf/Digilent/210183740267A
set_property PROGRAM.FILE {C:/Users/vital/OneDrive/Escritorio/parcial_2/parcial_2/parcial_2.runs/impl_1/top_fsm_example1.bit} [get_hw_devices xc7a35t_0]
current_hw_device [get_hw_devices xc7a35t_0]
refresh_hw_device -update_hw_probes false [lindex [get_hw_devices xc7a35t_0] 0]
INFO: [Labtools 27-1434] Device xc7a35t (JTAG device index = 0) is programmed with a design that has no supported debug core(s) in it.
set_property PROBES.FILE {} [get_hw_devices xc7a35t_0]
set_property FULL_PROBES.FILE {} [get_hw_devices xc7a35t_0]
set_property PROGRAM.FILE {C:/Users/vital/OneDrive/Escritorio/parcial_2/parcial_2/parcial_2.runs/impl_1/top_fsm_example1.bit} [get_hw_devices xc7a35t_0]
program_hw_devices [get_hw_devices xc7a35t_0]
INFO: [Labtools 27-3164] End of startup status: HIGH
refresh_hw_device [lindex [get_hw_devices xc7a35t_0] 0]
INFO: [Labtools 27-1434] Device xc7a35t (JTAG device index = 0) is programmed with a design that has no supported debug core(s) in it.
close_hw_manager
launch_simulation
Command: launch_simulation 
INFO: [Vivado 12-12493] Simulation top is 'top_fsm_example1'
WARNING: [Vivado 12-13340] Unable to auto find GCC executables from simulator install path! (path not set)
INFO: [Vivado 12-5682] Launching behavioral simulation in 'C:/Users/vital/OneDrive/Escritorio/parcial_2/parcial_2/parcial_2.sim/sim_1/behav/xsim'
INFO: [SIM-utils-51] Simulation object is 'sim_1'
INFO: [SIM-utils-72] Using boost library from 'C:/Xilinx/Vivado/2023.2/tps/boost_1_72_0'
INFO: [SIM-utils-54] Inspecting design source files for 'top_fsm_example1' in fileset 'sim_1'...
INFO: [USF-XSim-97] Finding global include files...
INFO: [USF-XSim-98] Fetching design files from 'sim_1'...
INFO: [USF-XSim-2] XSim::Compile design
INFO: [USF-XSim-61] Executing 'COMPILE and ANALYZE' step in 'C:/Users/vital/OneDrive/Escritorio/parcial_2/parcial_2/parcial_2.sim/sim_1/behav/xsim'
"xvlog --incr --relax -L uvm -prj top_fsm_example1_vlog.prj"
ECHO est  desactivado.
ECHO est  desactivado.
INFO: [VRFC 10-2263] Analyzing SystemVerilog file "C:/Users/vital/OneDrive/Escritorio/parcial_2/parcial_2/parcial_2.srcs/sources_1/new/clck_psc.sv" into library xil_defaultlib
INFO: [VRFC 10-311] analyzing module clck_psc
INFO: [VRFC 10-2263] Analyzing SystemVerilog file "C:/Users/vital/OneDrive/Escritorio/parcial_2/parcial_2/parcial_2.srcs/sources_1/new/fsm_example1.sv" into library xil_defaultlib
INFO: [VRFC 10-311] analyzing module fsm_example1
INFO: [VRFC 10-2263] Analyzing SystemVerilog file "C:/Users/vital/OneDrive/Escritorio/parcial_2/parcial_2/parcial_2.srcs/sources_1/new/top_fsm_example1.sv" into library xil_defaultlib
INFO: [VRFC 10-311] analyzing module top_fsm_example1
INFO: [VRFC 10-2263] Analyzing Verilog file "C:/Users/vital/OneDrive/Escritorio/parcial_2/parcial_2/parcial_2.sim/sim_1/behav/xsim/glbl.v" into library xil_defaultlib
INFO: [VRFC 10-311] analyzing module glbl
INFO: [USF-XSim-69] 'compile' step finished in '3' seconds
INFO: [USF-XSim-3] XSim::Elaborate design
INFO: [USF-XSim-61] Executing 'ELABORATE' step in 'C:/Users/vital/OneDrive/Escritorio/parcial_2/parcial_2/parcial_2.sim/sim_1/behav/xsim'
"xelab --incr --debug typical --relax --mt 2 -L xil_defaultlib -L uvm -L unisims_ver -L unimacro_ver -L secureip --snapshot top_fsm_example1_behav xil_defaultlib.top_fsm_example1 xil_defaultlib.glbl -log elaborate.log"
ECHO est  desactivado.
ECHO est  desactivado.
Vivado Simulator v2023.2.1
Copyright 1986-2022 Xilinx, Inc. All Rights Reserved.
Copyright 2022-2023 Advanced Micro Devices, Inc. All Rights Reserved.
Running: C:/Xilinx/Vivado/2023.2/bin/unwrapped/win64.o/xelab.exe --incr --debug typical --relax --mt 2 -L xil_defaultlib -L uvm -L unisims_ver -L unimacro_ver -L secureip --snapshot top_fsm_example1_behav xil_defaultlib.top_fsm_example1 xil_defaultlib.glbl -log elaborate.log 
Using 2 slave threads.
Starting static elaboration
Pass Through NonSizing Optimizer
Completed static elaboration
Starting simulation data flow analysis
Completed simulation data flow analysis
Time Resolution for simulation is 1ps
Compiling module xil_defaultlib.clck_psc
Compiling module xil_defaultlib.fsm_example1
Compiling module xil_defaultlib.top_fsm_example1
Compiling module xil_defaultlib.glbl
Built simulation snapshot top_fsm_example1_behav
INFO: [USF-XSim-69] 'elaborate' step finished in '4' seconds
INFO: [USF-XSim-4] XSim::Simulate design
INFO: [USF-XSim-61] Executing 'SIMULATE' step in 'C:/Users/vital/OneDrive/Escritorio/parcial_2/parcial_2/parcial_2.sim/sim_1/behav/xsim'
INFO: [USF-XSim-98] *** Running xsim
   with args "top_fsm_example1_behav -key {Behavioral:sim_1:Functional:top_fsm_example1} -tclbatch {top_fsm_example1.tcl} -log {simulate.log}"
INFO: [USF-XSim-8] Loading simulator feature
Time resolution is 1 ps
source top_fsm_example1.tcl
# set curr_wave [current_wave_config]
# if { [string length $curr_wave] == 0 } {
#   if { [llength [get_objects]] > 0} {
#     add_wave /
#     set_property needs_save false [current_wave_config]
#   } else {
#      send_msg_id Add_Wave-1 WARNING "No top level signals found. Simulator will start without a wave window. If you want to open a wave window go to 'File->New Waveform Configuration' or type 'create_wave_config' in the TCL console."
#   }
# }
# run 1000ns
INFO: [USF-XSim-96] XSim completed. Design snapshot 'top_fsm_example1_behav' loaded.
INFO: [USF-XSim-97] XSim simulation ran for 1000ns
launch_simulation: Time (s): cpu = 00:00:08 ; elapsed = 00:00:12 . Memory (MB): peak = 3868.188 ; gain = 0.000
relaunch_sim
Command: launch_simulation -step compile -simset sim_1 -mode behavioral
INFO: [Vivado 12-12493] Simulation top is 'top_fsm_example1'
WARNING: [Vivado 12-13340] Unable to auto find GCC executables from simulator install path! (path not set)
INFO: [Vivado 12-5682] Launching behavioral simulation in 'C:/Users/vital/OneDrive/Escritorio/parcial_2/parcial_2/parcial_2.sim/sim_1/behav/xsim'
INFO: [SIM-utils-51] Simulation object is 'sim_1'
INFO: [SIM-utils-72] Using boost library from 'C:/Xilinx/Vivado/2023.2/tps/boost_1_72_0'
INFO: [SIM-utils-54] Inspecting design source files for 'top_fsm_example1' in fileset 'sim_1'...
INFO: [USF-XSim-97] Finding global include files...
INFO: [USF-XSim-98] Fetching design files from 'sim_1'...
INFO: [USF-XSim-2] XSim::Compile design
INFO: [USF-XSim-61] Executing 'COMPILE and ANALYZE' step in 'C:/Users/vital/OneDrive/Escritorio/parcial_2/parcial_2/parcial_2.sim/sim_1/behav/xsim'
"xvlog --incr --relax -L uvm -prj top_fsm_example1_vlog.prj"
ECHO est  desactivado.
ECHO est  desactivado.
INFO: [USF-XSim-69] 'compile' step finished in '2' seconds
Command: launch_simulation -step elaborate -simset sim_1 -mode behavioral
INFO: [Vivado 12-12493] Simulation top is 'top_fsm_example1'
WARNING: [Vivado 12-13340] Unable to auto find GCC executables from simulator install path! (path not set)
INFO: [Vivado 12-5682] Launching behavioral simulation in 'C:/Users/vital/OneDrive/Escritorio/parcial_2/parcial_2/parcial_2.sim/sim_1/behav/xsim'
INFO: [SIM-utils-51] Simulation object is 'sim_1'
INFO: [USF-XSim-3] XSim::Elaborate design
INFO: [USF-XSim-61] Executing 'ELABORATE' step in 'C:/Users/vital/OneDrive/Escritorio/parcial_2/parcial_2/parcial_2.sim/sim_1/behav/xsim'
"xelab --incr --debug typical --relax --mt 2 -L xil_defaultlib -L uvm -L unisims_ver -L unimacro_ver -L secureip --snapshot top_fsm_example1_behav xil_defaultlib.top_fsm_example1 xil_defaultlib.glbl -log elaborate.log"
ECHO est  desactivado.
ECHO est  desactivado.
Vivado Simulator v2023.2.1
Copyright 1986-2022 Xilinx, Inc. All Rights Reserved.
Copyright 2022-2023 Advanced Micro Devices, Inc. All Rights Reserved.
Running: C:/Xilinx/Vivado/2023.2/bin/unwrapped/win64.o/xelab.exe --incr --debug typical --relax --mt 2 -L xil_defaultlib -L uvm -L unisims_ver -L unimacro_ver -L secureip --snapshot top_fsm_example1_behav xil_defaultlib.top_fsm_example1 xil_defaultlib.glbl -log elaborate.log 
Using 2 slave threads.
Starting static elaboration
Pass Through NonSizing Optimizer
Completed static elaboration
INFO: [XSIM 43-4323] No Change in HDL. Linking previously generated obj files to create kernel
INFO: [USF-XSim-69] 'elaborate' step finished in '2' seconds
Time resolution is 1 ps
relaunch_sim: Time (s): cpu = 00:00:01 ; elapsed = 00:00:06 . Memory (MB): peak = 3868.188 ; gain = 0.000
set_property top simulacion_TB [get_filesets sim_1]
set_property top_lib xil_defaultlib [get_filesets sim_1]
WARNING: [filemgmt 56-199] Attempt to get parsing info during refresh. "On-the-fly" syntax checking information may be incorrect. [C:\Users\vital\OneDrive\Escritorio\parcial_2\parcial_2\parcial_2.srcs\sources_1\new\top_fsm_example1.sv:]
WARNING: [filemgmt 56-199] Attempt to get parsing info during refresh. "On-the-fly" syntax checking information may be incorrect. [C:\Users\vital\OneDrive\Escritorio\parcial_2\parcial_2\parcial_2.srcs\sources_1\new\fsm_example1.sv:]
WARNING: [filemgmt 56-199] Attempt to get parsing info during refresh. "On-the-fly" syntax checking information may be incorrect. [C:\Users\vital\OneDrive\Escritorio\parcial_2\parcial_2\parcial_2.srcs\sources_1\new\clck_psc.sv:]
WARNING: [filemgmt 56-199] Attempt to get parsing info during refresh. "On-the-fly" syntax checking information may be incorrect. [C:\Users\vital\OneDrive\Escritorio\parcial_2\parcial_2\parcial_2.srcs\sources_1\new\top_fsm_example1.sv:]
WARNING: [filemgmt 56-199] Attempt to get parsing info during refresh. "On-the-fly" syntax checking information may be incorrect. [C:\Users\vital\OneDrive\Escritorio\parcial_2\parcial_2\parcial_2.srcs\sources_1\new\fsm_example1.sv:]
WARNING: [filemgmt 56-199] Attempt to get parsing info during refresh. "On-the-fly" syntax checking information may be incorrect. [C:\Users\vital\OneDrive\Escritorio\parcial_2\parcial_2\parcial_2.srcs\sources_1\new\clck_psc.sv:]
update_compile_order -fileset sim_1
WARNING: [filemgmt 56-199] Attempt to get parsing info during refresh. "On-the-fly" syntax checking information may be incorrect. [C:\Users\vital\OneDrive\Escritorio\parcial_2\parcial_2\parcial_2.srcs\sources_1\new\top_fsm_example1.sv:]
WARNING: [filemgmt 56-199] Attempt to get parsing info during refresh. "On-the-fly" syntax checking information may be incorrect. [C:\Users\vital\OneDrive\Escritorio\parcial_2\parcial_2\parcial_2.srcs\sources_1\new\fsm_example1.sv:]
WARNING: [filemgmt 56-199] Attempt to get parsing info during refresh. "On-the-fly" syntax checking information may be incorrect. [C:\Users\vital\OneDrive\Escritorio\parcial_2\parcial_2\parcial_2.srcs\sources_1\new\clck_psc.sv:]
WARNING: [filemgmt 56-199] Attempt to get parsing info during refresh. "On-the-fly" syntax checking information may be incorrect. [C:\Users\vital\OneDrive\Escritorio\parcial_2\parcial_2\parcial_2.srcs\sources_1\new\top_fsm_example1.sv:]
WARNING: [filemgmt 56-199] Attempt to get parsing info during refresh. "On-the-fly" syntax checking information may be incorrect. [C:\Users\vital\OneDrive\Escritorio\parcial_2\parcial_2\parcial_2.srcs\sources_1\new\fsm_example1.sv:]
WARNING: [filemgmt 56-199] Attempt to get parsing info during refresh. "On-the-fly" syntax checking information may be incorrect. [C:\Users\vital\OneDrive\Escritorio\parcial_2\parcial_2\parcial_2.srcs\sources_1\new\clck_psc.sv:]
launch_simulation
Command: launch_simulation 
INFO: [Vivado 12-12493] Simulation top is 'simulacion_TB'
WARNING: [Vivado 12-13340] Unable to auto find GCC executables from simulator install path! (path not set)
boost::filesystem::remove: El proceso no tiene acceso al archivo porque está siendo utilizado por otro proceso: "C:/Users/vital/OneDrive/Escritorio/parcial_2/parcial_2/parcial_2.sim/sim_1/behav/xsim/simulate.log"
relaunch_sim
Command: launch_simulation -step compile -simset sim_1 -mode behavioral
INFO: [Vivado 12-12493] Simulation top is 'simulacion_TB'
WARNING: [Vivado 12-13340] Unable to auto find GCC executables from simulator install path! (path not set)
INFO: [Vivado 12-5682] Launching behavioral simulation in 'C:/Users/vital/OneDrive/Escritorio/parcial_2/parcial_2/parcial_2.sim/sim_1/behav/xsim'
INFO: [SIM-utils-51] Simulation object is 'sim_1'
INFO: [USF-XSim-2] XSim::Compile design
INFO: [USF-XSim-61] Executing 'COMPILE and ANALYZE' step in 'C:/Users/vital/OneDrive/Escritorio/parcial_2/parcial_2/parcial_2.sim/sim_1/behav/xsim'
"xvlog --incr --relax -L uvm -prj simulacion_TB_vlog.prj"
ECHO est  desactivado.
ECHO est  desactivado.
INFO: [USF-XSim-69] 'compile' step finished in '2' seconds
Command: launch_simulation -step elaborate -simset sim_1 -mode behavioral
INFO: [Vivado 12-12493] Simulation top is 'simulacion_TB'
WARNING: [Vivado 12-13340] Unable to auto find GCC executables from simulator install path! (path not set)
INFO: [Vivado 12-5682] Launching behavioral simulation in 'C:/Users/vital/OneDrive/Escritorio/parcial_2/parcial_2/parcial_2.sim/sim_1/behav/xsim'
INFO: [SIM-utils-51] Simulation object is 'sim_1'
INFO: [USF-XSim-3] XSim::Elaborate design
INFO: [USF-XSim-61] Executing 'ELABORATE' step in 'C:/Users/vital/OneDrive/Escritorio/parcial_2/parcial_2/parcial_2.sim/sim_1/behav/xsim'
"xelab --incr --debug typical --relax --mt 2 -L xil_defaultlib -L uvm -L unisims_ver -L unimacro_ver -L secureip --snapshot simulacion_TB_behav xil_defaultlib.simulacion_TB xil_defaultlib.glbl -log elaborate.log"
ECHO est  desactivado.
ECHO est  desactivado.
Vivado Simulator v2023.2.1
Copyright 1986-2022 Xilinx, Inc. All Rights Reserved.
Copyright 2022-2023 Advanced Micro Devices, Inc. All Rights Reserved.
Running: C:/Xilinx/Vivado/2023.2/bin/unwrapped/win64.o/xelab.exe --incr --debug typical --relax --mt 2 -L xil_defaultlib -L uvm -L unisims_ver -L unimacro_ver -L secureip --snapshot simulacion_TB_behav xil_defaultlib.simulacion_TB xil_defaultlib.glbl -log elaborate.log 
Using 2 slave threads.
ERROR: [XSIM 43-3225] Cannot find design unit xil_defaultlib.simulacion_TB in library work located at xsim.dir/work.
INFO: [USF-XSim-69] 'elaborate' step finished in '2' seconds
INFO: [USF-XSim-99] Step results log file:'C:/Users/vital/OneDrive/Escritorio/parcial_2/parcial_2/parcial_2.sim/sim_1/behav/xsim/elaborate.log'
ERROR: [USF-XSim-62] 'elaborate' step failed with error(s). Please check the Tcl console output or 'C:/Users/vital/OneDrive/Escritorio/parcial_2/parcial_2/parcial_2.sim/sim_1/behav/xsim/elaborate.log' file for more information.
ERROR: [Vivado 12-4473] Detected error while running simulation. Please correct the issue and retry this operation.
ERROR: [Common 17-39] 'launch_simulation' failed due to earlier errors.
ERROR: [Common 17-69] Command failed: ERROR: [Common 17-39] 'launch_simulation' failed due to earlier errors.

close_sim
INFO: [Simtcl 6-16] Simulation closed
launch_simulation
Command: launch_simulation 
INFO: [Vivado 12-12493] Simulation top is 'simulacion_TB'
WARNING: [Vivado 12-13340] Unable to auto find GCC executables from simulator install path! (path not set)
INFO: [Vivado 12-5682] Launching behavioral simulation in 'C:/Users/vital/OneDrive/Escritorio/parcial_2/parcial_2/parcial_2.sim/sim_1/behav/xsim'
INFO: [SIM-utils-51] Simulation object is 'sim_1'
INFO: [SIM-utils-72] Using boost library from 'C:/Xilinx/Vivado/2023.2/tps/boost_1_72_0'
INFO: [SIM-utils-54] Inspecting design source files for 'simulacion_TB' in fileset 'sim_1'...
INFO: [USF-XSim-97] Finding global include files...
INFO: [USF-XSim-98] Fetching design files from 'sim_1'...
INFO: [USF-XSim-2] XSim::Compile design
INFO: [USF-XSim-61] Executing 'COMPILE and ANALYZE' step in 'C:/Users/vital/OneDrive/Escritorio/parcial_2/parcial_2/parcial_2.sim/sim_1/behav/xsim'
"xvlog --incr --relax -L uvm -prj simulacion_TB_vlog.prj"
ECHO est  desactivado.
ECHO est  desactivado.
INFO: [VRFC 10-2263] Analyzing SystemVerilog file "C:/Users/vital/OneDrive/Escritorio/parcial_2/parcial_2/parcial_2.srcs/sim_1/new/simulacion_TB.sv" into library xil_defaultlib
INFO: [VRFC 10-311] analyzing module simulacion_TB
ERROR: [VRFC 10-1280] procedural assignment to a non-register clk is not permitted, left-hand side should be reg/integer/time/genvar [C:/Users/vital/OneDrive/Escritorio/parcial_2/parcial_2/parcial_2.srcs/sim_1/new/simulacion_TB.sv:49]
ERROR: [VRFC 10-1280] procedural assignment to a non-register clk is not permitted, left-hand side should be reg/integer/time/genvar [C:/Users/vital/OneDrive/Escritorio/parcial_2/parcial_2/parcial_2.srcs/sim_1/new/simulacion_TB.sv:51]
ERROR: [VRFC 10-8530] module 'simulacion_TB' is ignored due to previous errors [C:/Users/vital/OneDrive/Escritorio/parcial_2/parcial_2/parcial_2.srcs/sim_1/new/simulacion_TB.sv:3]
INFO: [USF-XSim-69] 'compile' step finished in '2' seconds
INFO: [USF-XSim-99] Step results log file:'C:/Users/vital/OneDrive/Escritorio/parcial_2/parcial_2/parcial_2.sim/sim_1/behav/xsim/xvlog.log'
ERROR: [USF-XSim-62] 'compile' step failed with error(s). Please check the Tcl console output or 'C:/Users/vital/OneDrive/Escritorio/parcial_2/parcial_2/parcial_2.sim/sim_1/behav/xsim/xvlog.log' file for more information.
ERROR: [Vivado 12-4473] Detected error while running simulation. Please correct the issue and retry this operation.
ERROR: [Common 17-39] 'launch_simulation' failed due to earlier errors.
exit
INFO: [Common 17-206] Exiting Vivado at Thu May  2 18:10:28 2024...
